2018-11-09 16:51:06.415  INFO 16052 --- [main] c.jeff.message.MicroMessageApplication   : Starting MicroMessageApplication on PC-20180303EFUQ with PID 16052 (C:\Users\Administrator\git\micro\micro-message\target\classes started by Administrator in C:\Users\Administrator\git\micro)
2018-11-09 16:51:06.417  INFO 16052 --- [main] c.jeff.message.MicroMessageApplication   : The following profiles are active: dev
2018-11-09 16:51:06.449  INFO 16052 --- [main] ConfigServletWebServerApplicationContext : Refreshing org.springframework.boot.web.servlet.context.AnnotationConfigServletWebServerApplicationContext@41a2befb: startup date [Fri Nov 09 16:51:06 CST 2018]; root of context hierarchy
2018-11-09 16:51:07.008  WARN 16052 --- [main] t.m.s.mapper.ClassPathMapperScanner      : No MyBatis mapper was found in '[com.jeff.message]' package. Please check your configuration.
2018-11-09 16:51:07.016  WARN 16052 --- [main] o.m.s.mapper.ClassPathMapperScanner      : No MyBatis mapper was found in '[com.jeff.message]' package. Please check your configuration.
2018-11-09 16:51:07.184  INFO 16052 --- [main] .s.d.r.c.RepositoryConfigurationDelegate : Multiple Spring Data modules found, entering strict repository configuration mode!
2018-11-09 16:51:07.497  INFO 16052 --- [main] trationDelegate$BeanPostProcessorChecker : Bean 'org.springframework.amqp.rabbit.annotation.RabbitBootstrapConfiguration' of type [org.springframework.amqp.rabbit.annotation.RabbitBootstrapConfiguration$$EnhancerBySpringCGLIB$$cd74f167] is not eligible for getting processed by all BeanPostProcessors (for example: not eligible for auto-proxying)
2018-11-09 16:51:07.556  INFO 16052 --- [main] trationDelegate$BeanPostProcessorChecker : Bean 'org.springframework.transaction.annotation.ProxyTransactionManagementConfiguration' of type [org.springframework.transaction.annotation.ProxyTransactionManagementConfiguration$$EnhancerBySpringCGLIB$$7093339] is not eligible for getting processed by all BeanPostProcessors (for example: not eligible for auto-proxying)
2018-11-09 16:51:08.033  INFO 16052 --- [main] o.s.b.w.embedded.tomcat.TomcatWebServer  : Tomcat initialized with port(s): 8080 (http)
2018-11-09 16:51:08.054  INFO 16052 --- [main] o.apache.catalina.core.StandardService   : Starting service [Tomcat]
2018-11-09 16:51:08.054  INFO 16052 --- [main] org.apache.catalina.core.StandardEngine  : Starting Servlet Engine: Apache Tomcat/8.5.34
2018-11-09 16:51:08.058  INFO 16052 --- [localhost-startStop-1] o.a.catalina.core.AprLifecycleListener   : The APR based Apache Tomcat Native library which allows optimal performance in production environments was not found on the java.library.path: [C:\Program Files\Java\jdk1.8.0_161\bin;C:\Windows\Sun\Java\bin;C:\Windows\system32;C:\Windows;F:\ruby\Ruby25-x64\bin;C:\Program Files (x86)\Common Files\NetSarang;C:\ProgramData\Oracle\Java\javapath;C:\Windows\system32;C:\Windows;C:\Windows\System32\Wbem;C:\Windows\System32\WindowsPowerShell\v1.0\;C:\Program Files\Java\jdk1.8.0_161\bin;C:\Program Files\Java\jdk1.8.0_161\jre\bin;E:\nodejs\;E:\git-bash\Git\cmd;C:\Program Files\PuTTY\;F:\Python36;E:\MongoDB\Server\3.6\bin;F:\ADB_Driver\Universal Adb Driver;E:\apache-maven-3.5.3\bin;G:\ffmpeg\bin;F:\Python36\Scripts\;F:\Python36\;E:\nodejs\node_global;E:\Microsoft VS Code\bin;.]
2018-11-09 16:51:08.163  INFO 16052 --- [localhost-startStop-1] o.a.c.c.C.[.[.[/mirco-message]           : Initializing Spring embedded WebApplicationContext
2018-11-09 16:51:08.163  INFO 16052 --- [localhost-startStop-1] o.s.web.context.ContextLoader            : Root WebApplicationContext: initialization completed in 1714 ms
2018-11-09 16:51:08.625 ERROR 16052 --- [localhost-startStop-1] o.s.b.web.embedded.tomcat.TomcatStarter  : Error starting Tomcat context. Exception: org.springframework.beans.factory.BeanCreationException. Message: Error creating bean with name 'servletEndpointRegistrar' defined in class path resource [org/springframework/boot/actuate/autoconfigure/endpoint/web/ServletEndpointManagementContextConfiguration$WebMvcServletEndpointManagementContextConfiguration.class]: Bean instantiation via factory method failed; nested exception is org.springframework.beans.BeanInstantiationException: Failed to instantiate [org.springframework.boot.actuate.endpoint.web.ServletEndpointRegistrar]: Factory method 'servletEndpointRegistrar' threw exception; nested exception is org.springframework.beans.factory.BeanCreationException: Error creating bean with name 'healthEndpoint' defined in class path resource [org/springframework/boot/actuate/autoconfigure/health/HealthEndpointConfiguration.class]: Bean instantiation via factory method failed; nested exception is org.springframework.beans.BeanInstantiationException: Failed to instantiate [org.springframework.boot.actuate.health.HealthEndpoint]: Factory method 'healthEndpoint' threw exception; nested exception is org.springframework.beans.factory.BeanCreationException: Error creating bean with name 'org.springframework.boot.actuate.autoconfigure.jdbc.DataSourceHealthIndicatorAutoConfiguration': Bean instantiation via constructor failed; nested exception is org.springframework.beans.BeanInstantiationException: Failed to instantiate [org.springframework.boot.actuate.autoconfigure.jdbc.DataSourceHealthIndicatorAutoConfiguration$$EnhancerBySpringCGLIB$$75ed84bf]: Constructor threw exception; nested exception is org.springframework.beans.factory.BeanCreationException: Error creating bean with name 'dataSource' defined in class path resource [org/springframework/boot/autoconfigure/jdbc/DataSourceConfiguration$Hikari.class]: Bean instantiation via factory method failed; nested exception is org.springframework.beans.BeanInstantiationException: Failed to instantiate [com.zaxxer.hikari.HikariDataSource]: Factory method 'dataSource' threw exception; nested exception is org.springframework.boot.autoconfigure.jdbc.DataSourceProperties$DataSourceBeanCreationException: Failed to determine a suitable driver class
2018-11-09 16:51:08.671  INFO 16052 --- [main] o.apache.catalina.core.StandardService   : Stopping service [Tomcat]
2018-11-09 16:51:08.694  WARN 16052 --- [main] ConfigServletWebServerApplicationContext : Exception encountered during context initialization - cancelling refresh attempt: org.springframework.context.ApplicationContextException: Unable to start web server; nested exception is org.springframework.boot.web.server.WebServerException: Unable to start embedded Tomcat
2018-11-09 16:51:08.706  INFO 16052 --- [main] ConditionEvaluationReportLoggingListener : 

Error starting ApplicationContext. To display the conditions report re-run your application with 'debug' enabled.
2018-11-09 16:51:08.711 ERROR 16052 --- [main] o.s.b.d.LoggingFailureAnalysisReporter   : 

***************************
APPLICATION FAILED TO START
***************************

Description:

Failed to configure a DataSource: 'url' attribute is not specified and no embedded datasource could be configured.

Reason: Failed to determine a suitable driver class


Action:

Consider the following:
	If you want an embedded database (H2, HSQL or Derby), please put it on the classpath.
	If you have database settings to be loaded from a particular profile you may need to activate it (no profiles are currently active).

2018-11-09 16:54:33.650  INFO 16152 --- [main] c.jeff.message.MicroMessageApplication   : Starting MicroMessageApplication on PC-20180303EFUQ with PID 16152 (C:\Users\Administrator\git\micro\micro-message\target\classes started by Administrator in C:\Users\Administrator\git\micro)
2018-11-09 16:54:33.651  INFO 16152 --- [main] c.jeff.message.MicroMessageApplication   : The following profiles are active: dev
2018-11-09 16:54:33.683  INFO 16152 --- [main] ConfigServletWebServerApplicationContext : Refreshing org.springframework.boot.web.servlet.context.AnnotationConfigServletWebServerApplicationContext@38afe297: startup date [Fri Nov 09 16:54:33 CST 2018]; root of context hierarchy
2018-11-09 16:54:34.459  INFO 16152 --- [main] .s.d.r.c.RepositoryConfigurationDelegate : Multiple Spring Data modules found, entering strict repository configuration mode!
2018-11-09 16:54:34.700  INFO 16152 --- [main] trationDelegate$BeanPostProcessorChecker : Bean 'org.springframework.amqp.rabbit.annotation.RabbitBootstrapConfiguration' of type [org.springframework.amqp.rabbit.annotation.RabbitBootstrapConfiguration$$EnhancerBySpringCGLIB$$1a7b0eeb] is not eligible for getting processed by all BeanPostProcessors (for example: not eligible for auto-proxying)
2018-11-09 16:54:35.004  INFO 16152 --- [main] o.s.b.w.embedded.tomcat.TomcatWebServer  : Tomcat initialized with port(s): 8080 (http)
2018-11-09 16:54:35.022  INFO 16152 --- [main] o.apache.catalina.core.StandardService   : Starting service [Tomcat]
2018-11-09 16:54:35.022  INFO 16152 --- [main] org.apache.catalina.core.StandardEngine  : Starting Servlet Engine: Apache Tomcat/8.5.34
2018-11-09 16:54:35.026  INFO 16152 --- [localhost-startStop-1] o.a.catalina.core.AprLifecycleListener   : The APR based Apache Tomcat Native library which allows optimal performance in production environments was not found on the java.library.path: [C:\Program Files\Java\jdk1.8.0_161\bin;C:\Windows\Sun\Java\bin;C:\Windows\system32;C:\Windows;F:\ruby\Ruby25-x64\bin;C:\Program Files (x86)\Common Files\NetSarang;C:\ProgramData\Oracle\Java\javapath;C:\Windows\system32;C:\Windows;C:\Windows\System32\Wbem;C:\Windows\System32\WindowsPowerShell\v1.0\;C:\Program Files\Java\jdk1.8.0_161\bin;C:\Program Files\Java\jdk1.8.0_161\jre\bin;E:\nodejs\;E:\git-bash\Git\cmd;C:\Program Files\PuTTY\;F:\Python36;E:\MongoDB\Server\3.6\bin;F:\ADB_Driver\Universal Adb Driver;E:\apache-maven-3.5.3\bin;G:\ffmpeg\bin;F:\Python36\Scripts\;F:\Python36\;E:\nodejs\node_global;E:\Microsoft VS Code\bin;.]
2018-11-09 16:54:35.121  INFO 16152 --- [localhost-startStop-1] o.a.c.c.C.[.[.[/mirco-message]           : Initializing Spring embedded WebApplicationContext
2018-11-09 16:54:35.122  INFO 16152 --- [localhost-startStop-1] o.s.web.context.ContextLoader            : Root WebApplicationContext: initialization completed in 1439 ms
2018-11-09 16:54:36.034  INFO 16152 --- [localhost-startStop-1] o.s.b.w.servlet.FilterRegistrationBean   : Mapping filter: 'characterEncodingFilter' to: [/*]
2018-11-09 16:54:36.034  INFO 16152 --- [localhost-startStop-1] o.s.b.w.servlet.FilterRegistrationBean   : Mapping filter: 'webMvcMetricsFilter' to: [/*]
2018-11-09 16:54:36.035  INFO 16152 --- [localhost-startStop-1] o.s.b.w.servlet.FilterRegistrationBean   : Mapping filter: 'hiddenHttpMethodFilter' to: [/*]
2018-11-09 16:54:36.035  INFO 16152 --- [localhost-startStop-1] o.s.b.w.servlet.FilterRegistrationBean   : Mapping filter: 'httpPutFormContentFilter' to: [/*]
2018-11-09 16:54:36.035  INFO 16152 --- [localhost-startStop-1] o.s.b.w.servlet.FilterRegistrationBean   : Mapping filter: 'requestContextFilter' to: [/*]
2018-11-09 16:54:36.035  INFO 16152 --- [localhost-startStop-1] o.s.b.w.servlet.FilterRegistrationBean   : Mapping filter: 'httpTraceFilter' to: [/*]
2018-11-09 16:54:36.035  INFO 16152 --- [localhost-startStop-1] o.s.b.w.servlet.ServletRegistrationBean  : Servlet dispatcherServlet mapped to [/]
2018-11-09 16:54:36.076  INFO 16152 --- [main] o.s.a.r.c.CachingConnectionFactory       : Attempting to connect to: 192.168.109.128:5672
2018-11-09 16:54:36.349  INFO 16152 --- [main] o.s.a.r.c.CachingConnectionFactory       : Created new connection: connectionFactory#14758db2:0/SimpleConnection@3f4cd155 [delegate=amqp://guest@192.168.109.128:5672/, localPort= 51761]
2018-11-09 16:54:36.622  INFO 16152 --- [main] o.s.w.s.handler.SimpleUrlHandlerMapping  : Mapped URL path [/**/favicon.ico] onto handler of type [class org.springframework.web.servlet.resource.ResourceHttpRequestHandler]
2018-11-09 16:54:36.826  INFO 16152 --- [main] s.w.s.m.m.a.RequestMappingHandlerAdapter : Looking for @ControllerAdvice: org.springframework.boot.web.servlet.context.AnnotationConfigServletWebServerApplicationContext@38afe297: startup date [Fri Nov 09 16:54:33 CST 2018]; root of context hierarchy
2018-11-09 16:54:36.880  INFO 16152 --- [main] s.w.s.m.m.a.RequestMappingHandlerMapping : Mapped "{[/toUser/login],methods=[POST]}" onto public com.jeff.api.common.Result com.jeff.message.producer.DirectToUser.login(com.jeff.api.model.bo.MsgTemplateModel)
2018-11-09 16:54:36.882  INFO 16152 --- [main] s.w.s.m.m.a.RequestMappingHandlerMapping : Mapped "{[/error]}" onto public org.springframework.http.ResponseEntity<java.util.Map<java.lang.String, java.lang.Object>> org.springframework.boot.autoconfigure.web.servlet.error.BasicErrorController.error(javax.servlet.http.HttpServletRequest)
2018-11-09 16:54:36.883  INFO 16152 --- [main] s.w.s.m.m.a.RequestMappingHandlerMapping : Mapped "{[/error],produces=[text/html]}" onto public org.springframework.web.servlet.ModelAndView org.springframework.boot.autoconfigure.web.servlet.error.BasicErrorController.errorHtml(javax.servlet.http.HttpServletRequest,javax.servlet.http.HttpServletResponse)
2018-11-09 16:54:36.902  INFO 16152 --- [main] o.s.w.s.handler.SimpleUrlHandlerMapping  : Mapped URL path [/webjars/**] onto handler of type [class org.springframework.web.servlet.resource.ResourceHttpRequestHandler]
2018-11-09 16:54:36.902  INFO 16152 --- [main] o.s.w.s.handler.SimpleUrlHandlerMapping  : Mapped URL path [/**] onto handler of type [class org.springframework.web.servlet.resource.ResourceHttpRequestHandler]
2018-11-09 16:54:37.328  INFO 16152 --- [main] o.s.b.a.e.web.EndpointLinksResolver      : Exposing 2 endpoint(s) beneath base path '/actuator'
2018-11-09 16:54:37.340  INFO 16152 --- [main] s.b.a.e.w.s.WebMvcEndpointHandlerMapping : Mapped "{[/actuator/health],methods=[GET],produces=[application/vnd.spring-boot.actuator.v2+json || application/json]}" onto public java.lang.Object org.springframework.boot.actuate.endpoint.web.servlet.AbstractWebMvcEndpointHandlerMapping$OperationHandler.handle(javax.servlet.http.HttpServletRequest,java.util.Map<java.lang.String, java.lang.String>)
2018-11-09 16:54:37.341  INFO 16152 --- [main] s.b.a.e.w.s.WebMvcEndpointHandlerMapping : Mapped "{[/actuator/info],methods=[GET],produces=[application/vnd.spring-boot.actuator.v2+json || application/json]}" onto public java.lang.Object org.springframework.boot.actuate.endpoint.web.servlet.AbstractWebMvcEndpointHandlerMapping$OperationHandler.handle(javax.servlet.http.HttpServletRequest,java.util.Map<java.lang.String, java.lang.String>)
2018-11-09 16:54:37.341  INFO 16152 --- [main] s.b.a.e.w.s.WebMvcEndpointHandlerMapping : Mapped "{[/actuator],methods=[GET],produces=[application/vnd.spring-boot.actuator.v2+json || application/json]}" onto protected java.util.Map<java.lang.String, java.util.Map<java.lang.String, org.springframework.boot.actuate.endpoint.web.Link>> org.springframework.boot.actuate.endpoint.web.servlet.WebMvcEndpointHandlerMapping.links(javax.servlet.http.HttpServletRequest,javax.servlet.http.HttpServletResponse)
2018-11-09 16:54:37.401  INFO 16152 --- [main] o.s.j.e.a.AnnotationMBeanExporter        : Registering beans for JMX exposure on startup
2018-11-09 16:54:37.406  INFO 16152 --- [main] o.s.j.e.a.AnnotationMBeanExporter        : Bean with name 'connectionFactory' has been autodetected for JMX exposure
2018-11-09 16:54:37.410  INFO 16152 --- [main] o.s.j.e.a.AnnotationMBeanExporter        : Located managed bean 'connectionFactory': registering with JMX server as MBean [org.springframework.amqp.rabbit.connection:name=connectionFactory,type=CachingConnectionFactory]
2018-11-09 16:54:37.425  INFO 16152 --- [main] o.s.c.support.DefaultLifecycleProcessor  : Starting beans in phase 2147483647
2018-11-09 16:54:37.467  INFO 16152 --- [main] o.s.b.w.embedded.tomcat.TomcatWebServer  : Tomcat started on port(s): 8080 (http) with context path '/mirco-message'
2018-11-09 16:54:37.470  INFO 16152 --- [main] c.jeff.message.MicroMessageApplication   : Started MicroMessageApplication in 4.186 seconds (JVM running for 4.81)
2018-11-09 16:54:38.056  INFO 16152 --- [RMI TCP Connection(7)-127.0.0.1] o.a.c.c.C.[.[.[/mirco-message]           : Initializing Spring FrameworkServlet 'dispatcherServlet'
2018-11-09 16:54:38.057  INFO 16152 --- [RMI TCP Connection(7)-127.0.0.1] o.s.web.servlet.DispatcherServlet        : FrameworkServlet 'dispatcherServlet': initialization started
2018-11-09 16:54:38.072  INFO 16152 --- [RMI TCP Connection(7)-127.0.0.1] o.s.web.servlet.DispatcherServlet        : FrameworkServlet 'dispatcherServlet': initialization completed in 15 ms
2018-11-09 16:54:39.038  INFO 16152 --- [RMI TCP Connection(5)-127.0.0.1] io.lettuce.core.EpollProvider            : Starting without optional epoll library
2018-11-09 16:54:39.039  INFO 16152 --- [RMI TCP Connection(5)-127.0.0.1] io.lettuce.core.KqueueProvider           : Starting without optional kqueue library
2018-11-09 16:58:10.521  INFO 6768 --- [main] c.jeff.message.MicroMessageApplication   : Starting MicroMessageApplication on PC-20180303EFUQ with PID 6768 (C:\Users\Administrator\git\micro\micro-message\target\classes started by Administrator in C:\Users\Administrator\git\micro)
2018-11-09 16:58:10.523  INFO 6768 --- [main] c.jeff.message.MicroMessageApplication   : The following profiles are active: dev
2018-11-09 16:58:10.560  INFO 6768 --- [main] ConfigServletWebServerApplicationContext : Refreshing org.springframework.boot.web.servlet.context.AnnotationConfigServletWebServerApplicationContext@6c40365c: startup date [Fri Nov 09 16:58:10 CST 2018]; root of context hierarchy
2018-11-09 16:58:11.258  INFO 6768 --- [main] .s.d.r.c.RepositoryConfigurationDelegate : Multiple Spring Data modules found, entering strict repository configuration mode!
2018-11-09 16:58:11.488  INFO 6768 --- [main] trationDelegate$BeanPostProcessorChecker : Bean 'org.springframework.amqp.rabbit.annotation.RabbitBootstrapConfiguration' of type [org.springframework.amqp.rabbit.annotation.RabbitBootstrapConfiguration$$EnhancerBySpringCGLIB$$35c941c7] is not eligible for getting processed by all BeanPostProcessors (for example: not eligible for auto-proxying)
2018-11-09 16:58:11.788  INFO 6768 --- [main] o.s.b.w.embedded.tomcat.TomcatWebServer  : Tomcat initialized with port(s): 8080 (http)
2018-11-09 16:58:11.805  INFO 6768 --- [main] o.apache.catalina.core.StandardService   : Starting service [Tomcat]
2018-11-09 16:58:11.805  INFO 6768 --- [main] org.apache.catalina.core.StandardEngine  : Starting Servlet Engine: Apache Tomcat/8.5.34
2018-11-09 16:58:11.808  INFO 6768 --- [localhost-startStop-1] o.a.catalina.core.AprLifecycleListener   : The APR based Apache Tomcat Native library which allows optimal performance in production environments was not found on the java.library.path: [C:\Program Files\Java\jdk1.8.0_161\bin;C:\Windows\Sun\Java\bin;C:\Windows\system32;C:\Windows;F:\ruby\Ruby25-x64\bin;C:\Program Files (x86)\Common Files\NetSarang;C:\ProgramData\Oracle\Java\javapath;C:\Windows\system32;C:\Windows;C:\Windows\System32\Wbem;C:\Windows\System32\WindowsPowerShell\v1.0\;C:\Program Files\Java\jdk1.8.0_161\bin;C:\Program Files\Java\jdk1.8.0_161\jre\bin;E:\nodejs\;E:\git-bash\Git\cmd;C:\Program Files\PuTTY\;F:\Python36;E:\MongoDB\Server\3.6\bin;F:\ADB_Driver\Universal Adb Driver;E:\apache-maven-3.5.3\bin;G:\ffmpeg\bin;F:\Python36\Scripts\;F:\Python36\;E:\nodejs\node_global;E:\Microsoft VS Code\bin;.]
2018-11-09 16:58:11.926  INFO 6768 --- [localhost-startStop-1] o.a.c.c.C.[.[.[/mirco-message]           : Initializing Spring embedded WebApplicationContext
2018-11-09 16:58:11.926  INFO 6768 --- [localhost-startStop-1] o.s.web.context.ContextLoader            : Root WebApplicationContext: initialization completed in 1367 ms
2018-11-09 16:58:12.678  INFO 6768 --- [localhost-startStop-1] o.s.b.w.servlet.FilterRegistrationBean   : Mapping filter: 'characterEncodingFilter' to: [/*]
2018-11-09 16:58:12.679  INFO 6768 --- [localhost-startStop-1] o.s.b.w.servlet.FilterRegistrationBean   : Mapping filter: 'webMvcMetricsFilter' to: [/*]
2018-11-09 16:58:12.679  INFO 6768 --- [localhost-startStop-1] o.s.b.w.servlet.FilterRegistrationBean   : Mapping filter: 'hiddenHttpMethodFilter' to: [/*]
2018-11-09 16:58:12.679  INFO 6768 --- [localhost-startStop-1] o.s.b.w.servlet.FilterRegistrationBean   : Mapping filter: 'httpPutFormContentFilter' to: [/*]
2018-11-09 16:58:12.679  INFO 6768 --- [localhost-startStop-1] o.s.b.w.servlet.FilterRegistrationBean   : Mapping filter: 'requestContextFilter' to: [/*]
2018-11-09 16:58:12.679  INFO 6768 --- [localhost-startStop-1] o.s.b.w.servlet.FilterRegistrationBean   : Mapping filter: 'httpTraceFilter' to: [/*]
2018-11-09 16:58:12.679  INFO 6768 --- [localhost-startStop-1] o.s.b.w.servlet.ServletRegistrationBean  : Servlet dispatcherServlet mapped to [/]
2018-11-09 16:58:12.713  INFO 6768 --- [main] o.s.a.r.c.CachingConnectionFactory       : Attempting to connect to: 192.168.109.128:5672
2018-11-09 16:58:12.736  INFO 6768 --- [main] o.s.a.r.c.CachingConnectionFactory       : Created new connection: connectionFactory#3e71ee9b:0/SimpleConnection@3533df16 [delegate=amqp://guest@192.168.109.128:5672/, localPort= 51936]
2018-11-09 16:58:12.817  INFO 6768 --- [main] o.s.w.s.handler.SimpleUrlHandlerMapping  : Mapped URL path [/**/favicon.ico] onto handler of type [class org.springframework.web.servlet.resource.ResourceHttpRequestHandler]
2018-11-09 16:58:12.998  INFO 6768 --- [main] s.w.s.m.m.a.RequestMappingHandlerAdapter : Looking for @ControllerAdvice: org.springframework.boot.web.servlet.context.AnnotationConfigServletWebServerApplicationContext@6c40365c: startup date [Fri Nov 09 16:58:10 CST 2018]; root of context hierarchy
2018-11-09 16:58:13.037  INFO 6768 --- [main] s.w.s.m.m.a.RequestMappingHandlerMapping : Mapped "{[/toUser/login],methods=[POST]}" onto public com.jeff.api.common.Result com.jeff.message.producer.DirectToUser.login(com.jeff.api.model.bo.MsgTemplateModel)
2018-11-09 16:58:13.039  INFO 6768 --- [main] s.w.s.m.m.a.RequestMappingHandlerMapping : Mapped "{[/error]}" onto public org.springframework.http.ResponseEntity<java.util.Map<java.lang.String, java.lang.Object>> org.springframework.boot.autoconfigure.web.servlet.error.BasicErrorController.error(javax.servlet.http.HttpServletRequest)
2018-11-09 16:58:13.039  INFO 6768 --- [main] s.w.s.m.m.a.RequestMappingHandlerMapping : Mapped "{[/error],produces=[text/html]}" onto public org.springframework.web.servlet.ModelAndView org.springframework.boot.autoconfigure.web.servlet.error.BasicErrorController.errorHtml(javax.servlet.http.HttpServletRequest,javax.servlet.http.HttpServletResponse)
2018-11-09 16:58:13.059  INFO 6768 --- [main] o.s.w.s.handler.SimpleUrlHandlerMapping  : Mapped URL path [/webjars/**] onto handler of type [class org.springframework.web.servlet.resource.ResourceHttpRequestHandler]
2018-11-09 16:58:13.059  INFO 6768 --- [main] o.s.w.s.handler.SimpleUrlHandlerMapping  : Mapped URL path [/**] onto handler of type [class org.springframework.web.servlet.resource.ResourceHttpRequestHandler]
2018-11-09 16:58:13.415  INFO 6768 --- [main] o.s.b.a.e.web.EndpointLinksResolver      : Exposing 2 endpoint(s) beneath base path '/actuator'
2018-11-09 16:58:13.423  INFO 6768 --- [main] s.b.a.e.w.s.WebMvcEndpointHandlerMapping : Mapped "{[/actuator/health],methods=[GET],produces=[application/vnd.spring-boot.actuator.v2+json || application/json]}" onto public java.lang.Object org.springframework.boot.actuate.endpoint.web.servlet.AbstractWebMvcEndpointHandlerMapping$OperationHandler.handle(javax.servlet.http.HttpServletRequest,java.util.Map<java.lang.String, java.lang.String>)
2018-11-09 16:58:13.423  INFO 6768 --- [main] s.b.a.e.w.s.WebMvcEndpointHandlerMapping : Mapped "{[/actuator/info],methods=[GET],produces=[application/vnd.spring-boot.actuator.v2+json || application/json]}" onto public java.lang.Object org.springframework.boot.actuate.endpoint.web.servlet.AbstractWebMvcEndpointHandlerMapping$OperationHandler.handle(javax.servlet.http.HttpServletRequest,java.util.Map<java.lang.String, java.lang.String>)
2018-11-09 16:58:13.424  INFO 6768 --- [main] s.b.a.e.w.s.WebMvcEndpointHandlerMapping : Mapped "{[/actuator],methods=[GET],produces=[application/vnd.spring-boot.actuator.v2+json || application/json]}" onto protected java.util.Map<java.lang.String, java.util.Map<java.lang.String, org.springframework.boot.actuate.endpoint.web.Link>> org.springframework.boot.actuate.endpoint.web.servlet.WebMvcEndpointHandlerMapping.links(javax.servlet.http.HttpServletRequest,javax.servlet.http.HttpServletResponse)
2018-11-09 16:58:13.471  INFO 6768 --- [main] o.s.j.e.a.AnnotationMBeanExporter        : Registering beans for JMX exposure on startup
2018-11-09 16:58:13.476  INFO 6768 --- [main] o.s.j.e.a.AnnotationMBeanExporter        : Bean with name 'connectionFactory' has been autodetected for JMX exposure
2018-11-09 16:58:13.479  INFO 6768 --- [main] o.s.j.e.a.AnnotationMBeanExporter        : Located managed bean 'connectionFactory': registering with JMX server as MBean [org.springframework.amqp.rabbit.connection:name=connectionFactory,type=CachingConnectionFactory]
2018-11-09 16:58:13.492  INFO 6768 --- [main] o.s.c.support.DefaultLifecycleProcessor  : Starting beans in phase 2147483647
2018-11-09 16:58:13.529  INFO 6768 --- [main] o.s.b.w.embedded.tomcat.TomcatWebServer  : Tomcat started on port(s): 8080 (http) with context path '/mirco-message'
2018-11-09 16:58:13.531  INFO 6768 --- [main] c.jeff.message.MicroMessageApplication   : Started MicroMessageApplication in 3.364 seconds (JVM running for 4.071)
2018-11-09 16:58:14.042  INFO 6768 --- [RMI TCP Connection(2)-127.0.0.1] o.a.c.c.C.[.[.[/mirco-message]           : Initializing Spring FrameworkServlet 'dispatcherServlet'
2018-11-09 16:58:14.042  INFO 6768 --- [RMI TCP Connection(2)-127.0.0.1] o.s.web.servlet.DispatcherServlet        : FrameworkServlet 'dispatcherServlet': initialization started
2018-11-09 16:58:14.051  INFO 6768 --- [RMI TCP Connection(2)-127.0.0.1] o.s.web.servlet.DispatcherServlet        : FrameworkServlet 'dispatcherServlet': initialization completed in 9 ms
2018-11-09 16:58:14.684  INFO 6768 --- [RMI TCP Connection(8)-127.0.0.1] io.lettuce.core.EpollProvider            : Starting without optional epoll library
2018-11-09 16:58:14.685  INFO 6768 --- [RMI TCP Connection(8)-127.0.0.1] io.lettuce.core.KqueueProvider           : Starting without optional kqueue library
